15-06-2020:19:44:40 INFO     [main_etl_process.py:77] Ingestion Process Started.
15-06-2020:19:44:40 INFO     [main_etl_process.py:14] Execute the ./dbt_seed.sh.
15-06-2020:19:44:52 INFO     [main_etl_process.py:17] Read the dbt_seed log.
15-06-2020:19:44:52 INFO     [main_etl_process.py:21] DBT Seed executed.
15-06-2020:19:44:52 INFO     [main_etl_process.py:23] Execute Ingestion Process
15-06-2020:19:44:52 INFO     [ingestion.py:17] Drop transaction raw table.
15-06-2020:19:44:52 INFO     [ingestion.py:20] Recreate the transaction raw table.
15-06-2020:19:44:52 INFO     [ingestion.py:23] Insert transaction raw data into the table.
15-06-2020:19:45:09 INFO     [ingestion.py:37] Bulk Insert done successfully.
15-06-2020:19:45:09 INFO     [ingestion.py:39] Ingestion Process Finished.
15-06-2020:19:45:12 ERROR    [main_etl_process.py:66] Failed during ingestion process!
15-06-2020:19:45:12 INFO     [main_etl_process.py:72] Data Process Finished
15-06-2020:19:45:58 INFO     [main_etl_process.py:78] Ingestion Process Started.
15-06-2020:19:45:58 INFO     [main_etl_process.py:14] Execute the ./dbt_seed.sh.
15-06-2020:19:46:11 INFO     [main_etl_process.py:17] Read the dbt_seed log.
15-06-2020:19:46:11 INFO     [main_etl_process.py:21] DBT Seed executed.
15-06-2020:19:46:11 INFO     [main_etl_process.py:23] Execute Ingestion Process
15-06-2020:19:46:11 INFO     [ingestion.py:17] Drop transaction raw table.
15-06-2020:19:46:11 INFO     [ingestion.py:20] Recreate the transaction raw table.
15-06-2020:19:46:11 INFO     [ingestion.py:23] Insert transaction raw data into the table.
15-06-2020:19:46:28 INFO     [ingestion.py:37] Bulk Insert done successfully.
15-06-2020:19:46:28 INFO     [ingestion.py:39] Ingestion Process Finished.
15-06-2020:19:46:28 INFO     [main_etl_process.py:32] Execute DBT Process
15-06-2020:19:47:06 INFO     [main_etl_process.py:73] Data Process Finished
15-06-2020:19:50:02 INFO     [main_etl_process.py:80] Ingestion Process Started.
15-06-2020:19:50:02 INFO     [main_etl_process.py:14] Execute the ./dbt_seed.sh.
15-06-2020:19:50:15 INFO     [main_etl_process.py:17] Read the dbt_seed log.
15-06-2020:19:50:15 INFO     [main_etl_process.py:21] DBT Seed executed.
15-06-2020:19:50:15 INFO     [main_etl_process.py:23] Execute Ingestion Process
15-06-2020:19:50:15 INFO     [ingestion.py:17] Drop transaction raw table.
15-06-2020:19:50:15 INFO     [ingestion.py:20] Recreate the transaction raw table.
15-06-2020:19:50:15 INFO     [ingestion.py:23] Insert transaction raw data into the table.
15-06-2020:19:50:30 INFO     [ingestion.py:37] Bulk Insert done successfully.
15-06-2020:19:50:30 INFO     [ingestion.py:39] Ingestion Process Finished.
15-06-2020:19:50:30 INFO     [main_etl_process.py:32] Execute DBT Process
15-06-2020:19:51:03 INFO     [main_etl_process.py:75] Data Process Finished
15-06-2020:19:51:55 INFO     [main_etl_process.py:80] Ingestion Process Started.
15-06-2020:19:51:55 INFO     [main_etl_process.py:14] Execute the ./dbt_seed.sh.
15-06-2020:19:52:09 INFO     [main_etl_process.py:17] Read the dbt_seed log.
15-06-2020:19:52:09 INFO     [main_etl_process.py:21] DBT Seed executed.
15-06-2020:19:52:09 INFO     [main_etl_process.py:23] Execute Ingestion Process
15-06-2020:19:52:09 INFO     [ingestion.py:17] Drop transaction raw table.
15-06-2020:19:52:09 INFO     [ingestion.py:20] Recreate the transaction raw table.
15-06-2020:19:52:09 INFO     [ingestion.py:23] Insert transaction raw data into the table.
15-06-2020:19:52:24 INFO     [ingestion.py:37] Bulk Insert done successfully.
15-06-2020:19:52:24 INFO     [ingestion.py:39] Ingestion Process Finished.
15-06-2020:19:52:24 INFO     [main_etl_process.py:32] Execute DBT Process
15-06-2020:19:52:58 INFO     [main_etl_process.py:40] DBT Run executed.
15-06-2020:19:52:58 INFO     [main_etl_process.py:42] Execute DBT Test
15-06-2020:19:53:12 INFO     [main_etl_process.py:75] Data Process Finished
15-06-2020:19:53:59 INFO     [main_etl_process.py:81] Ingestion Process Started.
15-06-2020:19:53:59 INFO     [main_etl_process.py:14] Execute the ./dbt_seed.sh.
15-06-2020:19:54:12 INFO     [main_etl_process.py:17] Read the dbt_seed log.
15-06-2020:19:54:12 INFO     [main_etl_process.py:21] DBT Seed executed.
15-06-2020:19:54:12 INFO     [main_etl_process.py:23] Execute Ingestion Process
15-06-2020:19:54:12 INFO     [ingestion.py:17] Drop transaction raw table.
15-06-2020:19:54:12 INFO     [ingestion.py:20] Recreate the transaction raw table.
15-06-2020:19:54:12 INFO     [ingestion.py:23] Insert transaction raw data into the table.
15-06-2020:19:54:25 INFO     [ingestion.py:37] Bulk Insert done successfully.
15-06-2020:19:54:25 INFO     [ingestion.py:39] Ingestion Process Finished.
15-06-2020:19:54:25 INFO     [main_etl_process.py:32] Execute DBT Process
15-06-2020:19:55:03 INFO     [main_etl_process.py:40] DBT Run executed.
15-06-2020:19:55:03 INFO     [main_etl_process.py:42] Execute DBT Test
15-06-2020:19:55:16 INFO     [main_etl_process.py:47] DBT Test executed.
15-06-2020:19:55:16 INFO     [main_etl_process.py:49] Remove temporary log files
15-06-2020:19:55:19 INFO     [main_etl_process.py:55] Completed successfully
15-06-2020:19:55:19 INFO     [main_etl_process.py:76] Data Process Finished
15-06-2020:19:56:07 INFO     [main_etl_process.py:77] Ingestion Process Started.
15-06-2020:19:56:07 INFO     [main_etl_process.py:14] Execute the ./dbt_seed.sh.
15-06-2020:19:56:21 INFO     [main_etl_process.py:17] Read the dbt_seed log.
15-06-2020:19:56:21 INFO     [main_etl_process.py:21] DBT Seed executed.
15-06-2020:19:56:21 INFO     [main_etl_process.py:23] Execute Ingestion Process
15-06-2020:19:56:21 INFO     [ingestion.py:17] Drop transaction raw table.
15-06-2020:19:56:21 INFO     [ingestion.py:20] Recreate the transaction raw table.
15-06-2020:19:56:21 INFO     [ingestion.py:23] Insert transaction raw data into the table.
15-06-2020:19:56:37 INFO     [ingestion.py:37] Bulk Insert done successfully.
15-06-2020:19:56:37 INFO     [ingestion.py:39] Ingestion Process Finished.
15-06-2020:19:56:37 INFO     [main_etl_process.py:30] Execute DBT Process
15-06-2020:19:57:17 INFO     [main_etl_process.py:36] DBT Run executed.
15-06-2020:19:57:17 INFO     [main_etl_process.py:38] Execute DBT Test
15-06-2020:19:57:31 INFO     [main_etl_process.py:43] DBT Test executed.
15-06-2020:19:57:31 INFO     [main_etl_process.py:45] Remove temporary log files
15-06-2020:19:57:34 INFO     [main_etl_process.py:51] Completed successfully
15-06-2020:19:57:34 INFO     [main_etl_process.py:72] Data Process Finished
15-06-2020:19:57:41 INFO     [main_etl_process.py:76] Ingestion Process Started.
15-06-2020:19:57:41 INFO     [main_etl_process.py:14] Execute the ./dbt_seed.sh.
15-06-2020:19:57:55 INFO     [main_etl_process.py:17] Read the dbt_seed log.
15-06-2020:19:57:55 INFO     [main_etl_process.py:21] DBT Seed executed.
15-06-2020:19:57:55 INFO     [main_etl_process.py:23] Execute Ingestion Process
15-06-2020:19:57:55 INFO     [ingestion.py:17] Drop transaction raw table.
15-06-2020:19:57:55 INFO     [ingestion.py:20] Recreate the transaction raw table.
15-06-2020:19:57:55 INFO     [ingestion.py:23] Insert transaction raw data into the table.
15-06-2020:19:58:10 INFO     [ingestion.py:37] Bulk Insert done successfully.
15-06-2020:19:58:10 INFO     [ingestion.py:39] Ingestion Process Finished.
15-06-2020:19:58:10 INFO     [main_etl_process.py:30] Execute DBT Process
15-06-2020:19:58:43 INFO     [main_etl_process.py:36] DBT Run executed.
15-06-2020:19:58:43 INFO     [main_etl_process.py:38] Execute DBT Test
15-06-2020:19:58:57 INFO     [main_etl_process.py:43] DBT Test executed.
15-06-2020:19:58:57 INFO     [main_etl_process.py:45] Remove temporary log files
15-06-2020:19:59:00 INFO     [main_etl_process.py:51] Completed successfully
15-06-2020:19:59:00 INFO     [main_etl_process.py:71] Data Process Finished
